# JRE version: Java(TM) SE Runtime Environment (17.0.9+11) (build 17.0.9+11-LTS-201)
# Java VM: Java HotSpot(TM) 64-Bit Server VM (17.0.9+11-LTS-201, mixed mode, sharing, tiered, compressed oops, compressed class ptrs, g1 gc, windows-amd64)
GC Precious Log:
 CPUs: 12 total, 12 available
 Memory: 7540M
 Large Page Support: Disabled
 NUMA Support: Disabled
 Compressed Oops: Enabled (32-bit)
 Heap Region Size: 1M
 Heap Min Capacity: 8M
 Heap Initial Capacity: 118M
 Heap Max Capacity: 1886M
 Pre-touch: Disabled
 Parallel Workers: 10
 Concurrent Workers: 3
 Concurrent Refinement Workers: 10
 Periodic GC: Disabled
Heap:
 garbage-first heap   total 120832K, used 32656K [0x000000008a200000, 0x0000000100000000)
  region size 1024K, 1 young (1024K), 1 survivors (1024K)
 Metaspace       used 41107K, committed 41344K, reserved 1114112K
  class space    used 5079K, committed 5184K, reserved 1048576K
GC Heap History (17 events):
Event: 3.924 GC heap before
{Heap before GC invocations=0 (full 0):
 garbage-first heap   total 120832K, used 27648K [0x000000008a200000, 0x0000000100000000)
  region size 1024K, 23 young (23552K), 0 survivors (0K)
 Metaspace       used 6575K, committed 6720K, reserved 1114112K
  class space    used 662K, committed 768K, reserved 1048576K
}
Event: 3.936 GC heap after
{Heap after GC invocations=1 (full 0):
 garbage-first heap   total 120832K, used 6867K [0x000000008a200000, 0x0000000100000000)
  region size 1024K, 3 young (3072K), 3 survivors (3072K)
 Metaspace       used 6575K, committed 6720K, reserved 1114112K
  class space    used 662K, committed 768K, reserved 1048576K
}
Event: 8.289 GC heap before
{Heap before GC invocations=1 (full 0):
 garbage-first heap   total 120832K, used 40659K [0x000000008a200000, 0x0000000100000000)
  region size 1024K, 36 young (36864K), 3 survivors (3072K)
 Metaspace       used 14182K, committed 14400K, reserved 1114112K
  class space    used 1612K, committed 1728K, reserved 1048576K
}
Event: 8.509 GC heap after
{Heap after GC invocations=2 (full 0):
 garbage-first heap   total 120832K, used 10508K [0x000000008a200000, 0x0000000100000000)
  region size 1024K, 4 young (4096K), 4 survivors (4096K)
 Metaspace       used 14182K, committed 14400K, reserved 1114112K
  class space    used 1612K, committed 1728K, reserved 1048576K
}
Event: 15.503 GC heap before
{Heap before GC invocations=2 (full 0):
 garbage-first heap   total 120832K, used 39180K [0x000000008a200000, 0x0000000100000000)
  region size 1024K, 29 young (29696K), 4 survivors (4096K)
 Metaspace       used 21230K, committed 21504K, reserved 1114112K
  class space    used 2739K, committed 2880K, reserved 1048576K
}
Event: 15.626 GC heap after
{Heap after GC invocations=3 (full 0):
 garbage-first heap   total 120832K, used 16813K [0x000000008a200000, 0x0000000100000000)
  region size 1024K, 3 young (3072K), 3 survivors (3072K)
 Metaspace       used 21230K, committed 21504K, reserved 1114112K
  class space    used 2739K, committed 2880K, reserved 1048576K
}
Event: 22.066 GC heap before
{Heap before GC invocations=4 (full 0):
 garbage-first heap   total 65536K, used 52653K [0x000000008a200000, 0x0000000100000000)
  region size 1024K, 37 young (37888K), 3 survivors (3072K)
 Metaspace       used 26635K, committed 26816K, reserved 1114112K
  class space    used 3569K, committed 3648K, reserved 1048576K
}
Event: 22.097 GC heap after
{Heap after GC invocations=5 (full 0):
 garbage-first heap   total 65536K, used 22933K [0x000000008a200000, 0x0000000100000000)
  region size 1024K, 5 young (5120K), 5 survivors (5120K)
 Metaspace       used 26635K, committed 26816K, reserved 1114112K
  class space    used 3569K, committed 3648K, reserved 1048576K
}
Event: 22.211 GC heap before
{Heap before GC invocations=5 (full 0):
 garbage-first heap   total 65536K, used 23957K [0x000000008a200000, 0x0000000100000000)
  region size 1024K, 6 young (6144K), 5 survivors (5120K)
 Metaspace       used 26649K, committed 26816K, reserved 1114112K
  class space    used 3569K, committed 3648K, reserved 1048576K
}
Event: 22.562 GC heap after
{Heap after GC invocations=6 (full 0):
 garbage-first heap   total 65536K, used 24155K [0x000000008a200000, 0x0000000100000000)
  region size 1024K, 1 young (1024K), 1 survivors (1024K)
 Metaspace       used 26649K, committed 26816K, reserved 1114112K
  class space    used 3569K, committed 3648K, reserved 1048576K
}
Event: 26.950 GC heap before
{Heap before GC invocations=6 (full 0):
 garbage-first heap   total 65536K, used 46683K [0x000000008a200000, 0x0000000100000000)
  region size 1024K, 24 young (24576K), 1 survivors (1024K)
 Metaspace       used 31595K, committed 31808K, reserved 1114112K
  class space    used 4013K, committed 4096K, reserved 1048576K
}
Event: 26.996 GC heap after
{Heap after GC invocations=7 (full 0):
 garbage-first heap   total 65536K, used 26145K [0x000000008a200000, 0x0000000100000000)
  region size 1024K, 3 young (3072K), 3 survivors (3072K)
 Metaspace       used 31595K, committed 31808K, reserved 1114112K
  class space    used 4013K, committed 4096K, reserved 1048576K
}
Event: 32.483 GC heap before
{Heap before GC invocations=7 (full 0):
 garbage-first heap   total 65536K, used 42529K [0x000000008a200000, 0x0000000100000000)
  region size 1024K, 21 young (21504K), 3 survivors (3072K)
 Metaspace       used 35781K, committed 35968K, reserved 1114112K
  class space    used 4448K, committed 4544K, reserved 1048576K
}
Event: 32.605 GC heap after
{Heap after GC invocations=8 (full 0):
 garbage-first heap   total 65536K, used 27787K [0x000000008a200000, 0x0000000100000000)
  region size 1024K, 2 young (2048K), 2 survivors (2048K)
 Metaspace       used 35781K, committed 35968K, reserved 1114112K
  class space    used 4448K, committed 4544K, reserved 1048576K
}
Event: 44.372 GC heap before
{Heap before GC invocations=9 (full 0):
 garbage-first heap   total 65536K, used 50315K [0x000000008a200000, 0x0000000100000000)
  region size 1024K, 23 young (23552K), 2 survivors (2048K)
 Metaspace       used 40782K, committed 41024K, reserved 1114112K
  class space    used 5034K, committed 5120K, reserved 1048576K
}
Event: 45.283 GC heap after
{Heap after GC invocations=10 (full 0):
 garbage-first heap   total 65536K, used 31977K [0x000000008a200000, 0x0000000100000000)
  region size 1024K, 3 young (3072K), 3 survivors (3072K)
 Metaspace       used 40782K, committed 41024K, reserved 1114112K
  class space    used 5034K, committed 5120K, reserved 1048576K
}
Event: 46.804 GC heap before
{Heap before GC invocations=10 (full 0):
 garbage-first heap   total 65536K, used 33001K [0x000000008a200000, 0x0000000100000000)
  region size 1024K, 4 young (4096K), 3 survivors (3072K)
 Metaspace       used 41107K, committed 41344K, reserved 1114112K
  class space    used 5079K, committed 5184K, reserved 1048576K
}

